make all --print-data-base --no-builtin-variables --no-builtin-rules --question
# GNU Make 4.2.1
# Built for x86_64-pc-linux-gnu
# Copyright (C) 1988-2016 Free Software Foundation, Inc.
# License GPLv3+: GNU GPL version 3 or later <http://gnu.org/licenses/gpl.html>
# This is free software: you are free to change and redistribute it.
# There is NO WARRANTY, to the extent permitted by law.

# Make data base, printed on Tue May 31 15:26:49 2022

# Variables

# automatic
<D = $(patsubst %/,%,$(dir $<))
# automatic
?F = $(notdir $?)
# default
.SHELLFLAGS := -c
# environment
XDG_SESSION_CLASS = user
 
# environment
VSCODE_AGENT_FOLDER = /root/.vscode-server
# makefile (from 'Makefile', line 2)
MAIN_FILE = main.go
# environment
XDG_SESSION_TYPE = tty
# environment
VSCODE_LOG_NATIVE = false
# automatic
?D = $(patsubst %/,%,$(dir $?))
# automatic
@D = $(patsubst %/,%,$(dir $@))
# automatic
@F = $(notdir $@)
# default
MAKE_VERSION := 4.2.1
# makefile
CURDIR := /opt/code/restful-api-demo
# makefile
SHELL = /bin/sh
# makefile (from 'Makefile', line 4)
MOD_DIR := /data/go/pkg/mod
# environment
VSCODE_NLS_CONFIG = {"locale":"zh-cn","availableLanguages":{}}
# environment
_ = /root/.vscode-server/bin/c3511e6c69bb39013c4a4b7b9566ec1ca73fc4d5/node
# makefile (from 'Makefile', line 1)
MAKEFILE_LIST :=  Makefile
# 'override' directive
GNUMAKEFLAGS := 
# environment
XDG_DATA_DIRS = /usr/local/share:/usr/share:/var/lib/snapd/desktop
# environment
VSCODE_AMD_ENTRYPOINT = vs/workbench/api/node/extensionHostProcess
# environment
DBUS_SESSION_BUS_ADDRESS = unix:path=/run/user/0/bus
# environment
VSCODE_VERBOSE_LOGGING = true
# makefile (from 'Makefile', line 9)
BUILD_COMMIT := a8acb12155897edd07b74a72707a5e70b5889b44
# environment
LESSOPEN = | /usr/bin/lesspipe %s
# environment
VSCODE_CWD = /root
# environment
GO_HOME = /usr/local/go
# environment
GOPROXY = https://goproxy.cn,direct
# environment
SSH_CONNECTION = 192.168.5.177 3244 192.168.5.231 22
# environment
PATH = /usr/local/go/bin:/root/.vscode-server/bin/c3511e6c69bb39013c4a4b7b9566ec1ca73fc4d5/bin/remote-cli:/data/anaconda3/condabin:/usr/local/sbin:/usr/local/bin:/usr/sbin:/usr/bin:/sbin:/bin:/usr/games:/usr/local/games:/snap/bin:/usr/local/jdk/bin/:/usr/local/node-v16.7.0/bin:/root/ssh:/usr/local/mongodb/bin:/usr/local/jdk/bin/:/usr/local/node-v16.7.0/bin:/root/ssh:/usr/local/mongodb/bin
# environment
XDG_RUNTIME_DIR = /run/user/0
# environment
GOPATH = /data/go
# makefile (from 'Makefile', line 5)
PKG_LIST := github.com/staryjie/restful-api-demo github.com/staryjie/restful-api-demo/apps github.com/staryjie/restful-api-demo/apps/all github.com/staryjie/restful-api-demo/apps/host github.com/staryjie/restful-api-demo/apps/host/http github.com/staryjie/restful-api-demo/apps/host/impl github.com/staryjie/restful-api-demo/cmd github.com/staryjie/restful-api-demo/conf github.com/staryjie/restful-api-demo/protocol github.com/staryjie/restful-api-demo/version
# environment
VSCODE_LOG_STACK = false
# environment
VSCODE_IPC_HOOK_CLI = /run/user/0/vscode-ipc-3e22385a-5dd9-495d-9c78-1bb02e9ac4e7.sock
# default
.FEATURES := target-specific order-only second-expansion else-if shortest-stem undefine oneshell archives jobserver output-sync check-symlink load
# environment
LS_COLORS = 
# automatic
%F = $(notdir $%)
# environment
CONDA_EXE = /data/anaconda3/bin/conda
# environment
VSCODE_PIPE_LOGGING = true
# environment
PWD = /opt/code/restful-api-demo
# makefile (from 'Makefile', line 12)
VERSION_PATH := ""github.com/staryjie/restful-api-demo"/version"
# default
.LOADED := 
# makefile (from 'Makefile', line 3)
PKG := "github.com/staryjie/restful-api-demo"
# automatic
*D = $(patsubst %/,%,$(dir $*))
# environment
MONGODB_HOME = /usr/local/mongodb
# environment
GOMODCACHE = /data/go/pkg/mod
# environment
HOME = /root
# environment
LESSCLOSE = /usr/bin/lesspipe %s %s
# environment
LOGNAME = root
# environment
APPLICATION_INSIGHTS_NO_DIAGNOSTIC_CHANNEL = 1
# automatic
+F = $(notdir $+)
# environment
VSCODE_HANDLES_UNCAUGHT_ERRORS = true
# automatic
^D = $(patsubst %/,%,$(dir $^))
# environment
MAKELEVEL := 0
# default
MAKE = $(MAKE_COMMAND)
# default
MAKECMDGOALS := all
# environment
SHLVL = 1
# environment
NODE_HOME = /usr/local/node-v16.7.0
# environment
JAVA_HOME = /usr/local/jdk
# environment
XDG_SESSION_ID = 20276
# environment
USER = root
# makefile
.DEFAULT_GOAL := all
# environment
SSH_HOME = /root/ssh
# environment
GOROOT = /usr/local/go
# automatic
%D = $(patsubst %/,%,$(dir $%))
# environment
CONDA_SHLVL = 0
# default
MAKE_COMMAND := make
# default
.VARIABLES := 
# automatic
*F = $(notdir $*)
# makefile (from 'Makefile', line 10)
BUILD_TIME := 2022-05-31 15:26:49
# makefile
MAKEFLAGS = pqrR
# environment
MFLAGS = -pqrR
# environment
SSH_CLIENT = 192.168.5.177 3244 22
# makefile (from 'Makefile', line 11)
BUILD_GO_VERSION := go1.18.2 linux/amd64
# automatic
+D = $(patsubst %/,%,$(dir $+))
# environment
BROWSER = /root/.vscode-server/bin/c3511e6c69bb39013c4a4b7b9566ec1ca73fc4d5/bin/helpers/browser.sh
# environment
VSCODE_HANDLES_SIGPIPE = true
# 'override' directive
.SHELLSTATUS := 0
# default
MAKEFILES := 
# automatic
<F = $(notdir $<)
# environment
PS1 = \[\033[01;31m\]\u\[\033[00m\]@\[\033[01;32m\]\h\[\033[00m\][\[\033[01;33m\]\t\[\033[00m\]]:\[\033[01;34m\]\w\[\033[00m\]\n[\[\033[01;33m\]\#\[\033[00m\]]-> 
# makefile (from 'Makefile', line 1)
PROJECT_NAME = restful-api-demo
# environment
LC_ALL = C
# environment
CONDA_PYTHON_EXE = /data/anaconda3/bin/python
# automatic
^F = $(notdir $^)
# default
SUFFIXES := 
# environment
_CE_M = 
# default
.INCLUDE_DIRS = /usr/include /usr/local/include /usr/include
# makefile (from 'Makefile', line 6)
GO_FILES := ./apps/host/interface.go ./apps/host/impl/dao.go ./apps/host/impl/sql.go ./apps/host/impl/host.go ./apps/host/impl/mysql.go ./apps/host/model.go ./apps/host/http/http.go ./apps/host/http/host.go ./apps/host/app.go ./apps/all/impl.go ./apps/app.go ./protocol/http.go ./protocol/grpc.go ./conf/log.go ./conf/config.go ./conf/load.go ./main.go ./version/version.go ./cmd/root.go ./cmd/start.go
# default
.RECIPEPREFIX := 
# default
MAKE_HOST := x86_64-pc-linux-gnu
# environment
LANG = C
# makefile (from 'Makefile', line 8)
BUILD_BRANCH := main
# environment
VSCODE_EXTHOST_WILL_SEND_SOCKET = true
# environment
MOTD_SHOWN = pam
# environment
_CE_CONDA = 
# variable set hash-table stats:
# Load=97/1024=9%, Rehash=0, Collisions=11/155=7%

# Pattern-specific Variable Values

# No pattern-specific variable values.

# Directories

# . (device 64768, inode 3946292): 17 files, no impossibilities.

# 17 files, no impossibilities in 1 directories.

# Implicit Rules

# No implicit rules.

# Files

all: build
#  Phony target (prerequisite of .PHONY).
#  Command line target.
#  Implicit rule search has not been done.
#  File does not exist.
#  File has been updated.
#  Needs to be updated (-q is set).
# variable set hash-table stats:
# Load=0/32=0%, Rehash=0, Collisions=0/3=0%

.PHONY: all dep lint vet test test-coverage build clean
#  Implicit rule search has not been done.
#  Modification time never checked.
#  File has not been updated.

test-coverage:
#  Phony target (prerequisite of .PHONY).
#  Implicit rule search has not been done.
#  File does not exist.
#  File has not been updated.
#  recipe to execute (from 'Makefile', line 31):
	@go test -short -coverprofile cover.out -covermode=atomic ${PKG_LIST}
	@cat cover.out >> coverage.txt

# Not a target:
.SUFFIXES:
#  Implicit rule search has not been done.
#  Modification time never checked.
#  File has not been updated.

push:
#  Implicit rule search has not been done.
#  Modification time never checked.
#  File has not been updated.
#  recipe to execute (from 'Makefile', line 47):
	@git push -u origin main

# Not a target:
Makefile:
#  Implicit rule search has been done.
#  Last modified 2022-05-30 09:01:29.445877663
#  File has been updated.
#  Successfully updated.

test:
#  Phony target (prerequisite of .PHONY).
#  Implicit rule search has not been done.
#  File does not exist.
#  File has not been updated.
#  recipe to execute (from 'Makefile', line 28):
	@go test -short ${PKG_LIST}

dep:
#  Phony target (prerequisite of .PHONY).
#  Implicit rule search has not been done.
#  Implicit/static pattern stem: ''
#  File does not exist.
#  File has been updated.
#  Needs to be updated (-q is set).
# automatic
# @ := dep
# automatic
# % := 
# automatic
# * := 
# automatic
# + := 
# automatic
# | := 
# automatic
# < := 
# automatic
# ^ := 
# automatic
# ? := 
# variable set hash-table stats:
# Load=8/32=25%, Rehash=0, Collisions=1/11=9%
#  recipe to execute (from 'Makefile', line 19):
	@go mod tidy

build: dep
#  Phony target (prerequisite of .PHONY).
#  Implicit rule search has not been done.
#  File does not exist.
#  File has been updated.
#  Needs to be updated (-q is set).
# variable set hash-table stats:
# Load=0/32=0%, Rehash=0, Collisions=0/3=0%
#  recipe to execute (from 'Makefile', line 35):
	@go build -ldflags "-s -w" -ldflags "-X ${VERSION_PATH}.GIT_TAG='0.0.1' -X '${VERSION_PATH}.GIT_BRANCH=${BUILD_BRANCH}' -X '${VERSION_PATH}.GIT_COMMIT=${BUILD_COMMIT}' -X '${VERSION_PATH}.BUILD_TIME=${BUILD_TIME}' -X '${VERSION_PATH}.GO_VERSION=${BUILD_GO_VERSION}'" -o dist/demo-api.exe $(MAIN_FILE)

vet:
#  Phony target (prerequisite of .PHONY).
#  Implicit rule search has not been done.
#  File does not exist.
#  File has not been updated.
#  recipe to execute (from 'Makefile', line 25):
	@go vet ${PKG_LIST}

help:
#  Implicit rule search has not been done.
#  Modification time never checked.
#  File has not been updated.
#  recipe to execute (from 'Makefile', line 50):
	@grep -h -E '^[a-zA-Z_-]+:.*?## .*$$' $(MAKEFILE_LIST) | awk 'BEGIN {FS = ":.*?## "}; {printf "\033[36m%-30s\033[0m %s\n", $$1, $$2}'

# Not a target:
.DEFAULT:
 
#  Implicit rule search has not been done.
#  Modification time never checked.
#  File has not been updated.

run:
#  Implicit rule search has not been done.
#  Modification time never checked.
#  File has not been updated.
#  recipe to execute (from 'Makefile', line 41):
	@go run $(MAIN_FILE) start -f etc/demo.toml

clean:
#  Phony target (prerequisite of .PHONY).
#  Implicit rule search has not been done.
#  File does not exist.
#  File has not been updated.
#  recipe to execute (from 'Makefile', line 44):
	@rm -f dist/*

linux: dep
#  Implicit rule search has not been done.
#  Modification time never checked.
#  File has not been updated.
#  recipe to execute (from 'Makefile', line 38):
	@GOOS=linux GOARCH=amd64 go build -ldflags "-s -w" -ldflags "-X '${VERSION_PATH}.GIT_BRANCH=${BUILD_BRANCH}' -X '${VERSION_PATH}.GIT_COMMIT=${BUILD_COMMIT}' -X '${VERSION_PATH}.BUILD_TIME=${BUILD_TIME}' -X '${VERSION_PATH}.GO_VERSION=${BUILD_GO_VERSION}'" -o dist/demo-api $(MAIN_FILE)

lint:
#  Phony target (prerequisite of .PHONY).
#  Implicit rule search has not been done.
#  File does not exist.
#  File has not been updated.
#  recipe to execute (from 'Makefile', line 22):
	@golint -set_exit_status ${PKG_LIST}

# files hash-table stats:
# Load=16/1024=2%, Rehash=0, Collisions=0/46=0%
# VPATH Search Paths

# No 'vpath' search paths.

# No general ('VPATH' variable) search path.

# strcache buffers: 1 (0) / strings = 34 / storage = 233 B / avg = 6 B
# current buf: size = 8162 B / used = 233 B / count = 34 / avg = 6 B

# strcache performance: lookups = 64 / hit rate = 46%
# hash-table stats:
# Load=34/8192=0%, Rehash=0, Collisions=1/64=2%
# Finished Make data base on Tue May 31 15:26:49 2022

 
